<?xml version="1.0" encoding="UTF-8"?>
<!-- Generated by org.testng.reporters.JUnitReportReporter -->
<testsuite hostname="DESKTOP-PEFDB2S" failures="0" tests="2" name="TestPack.VerifyRoomsPage" time="14.976" errors="0" timestamp="2022-10-15T08:28:26 IST" skipped="0">
  <testcase classname="TestPack.VerifyRoomsPage" name="verifyToReturnToMessengerButton" time="6.069"/>
  <system-out/>
  <testcase classname="TestPack.VerifyRoomsPage" name="verifyGoBackToToHelpCenterButton" time="8.907"/>
  <system-out/>
</testsuite> <!-- TestPack.VerifyRoomsPage -->
