<?xml version="1.0" encoding="UTF-8"?>
<!-- Generated by org.testng.reporters.JUnitReportReporter -->
<testsuite hostname="DESKTOP-PEFDB2S" failures="0" tests="2" name="TestPack.TestNGVerifyRoomsPage" time="25.713" errors="0" timestamp="2022-10-21T13:15:05 IST" skipped="0">
  <testcase classname="TestPack.TestNGVerifyRoomsPage" name="verifyGoBackToToHelpCenterButton" time="7.567"/>
  <system-out/>
  <testcase classname="TestPack.TestNGVerifyRoomsPage" name="verifyToReturnToMessengerButton" time="18.146"/>
  <system-out/>
</testsuite> <!-- TestPack.TestNGVerifyRoomsPage -->
