<?xml version="1.0" encoding="UTF-8"?>
<!-- Generated by org.testng.reporters.JUnitReportReporter -->
<testsuite hostname="DESKTOP-PEFDB2S" failures="0" tests="2" name="TestPack.TestNGSimple2" time="0.012" errors="0" timestamp="2022-10-21T20:12:24 IST" skipped="0">
  <testcase classname="TestPack.TestNGSimple2" name="testC" time="0.005"/>
  <system-out/>
  <testcase classname="TestPack.TestNGSimple2" name="testA" time="0.007"/>
  <system-out/>
</testsuite> <!-- TestPack.TestNGSimple2 -->
