<?xml version="1.0" encoding="UTF-8"?>
<!-- Generated by org.testng.reporters.JUnitReportReporter -->
<testsuite hostname="DESKTOP-PEFDB2S" failures="0" tests="2" name="TestPack.TestNGSimple" time="0.032" errors="0" timestamp="2022-10-21T20:12:24 IST" skipped="0">
  <testcase classname="TestPack.TestNGSimple" name="test1" time="0.027"/>
  <system-out/>
  <testcase classname="TestPack.TestNGSimple" name="test2" time="0.005"/>
  <system-out/>
</testsuite> <!-- TestPack.TestNGSimple -->
