<?xml version="1.0" encoding="UTF-8"?>
<!-- Generated by org.testng.reporters.JUnitReportReporter -->
<testsuite hostname="DESKTOP-PEFDB2S" failures="0" tests="6" name="TestPack.TestNGVerifyFriendsTab" time="0.000" errors="0" timestamp="2022-10-23T18:05:28 IST" skipped="6">
  <testcase classname="TestPack.TestNGVerifyFriendsTab" name="test1" time="0.000">
    <skipped/>
  </testcase> <!-- test1 -->
  <system-out/>
  <testcase classname="TestPack.TestNGVerifyFriendsTab" name="test2" time="0.000">
    <skipped/>
  </testcase> <!-- test2 -->
  <system-out/>
  <testcase classname="TestPack.TestNGVerifyFriendsTab" name="test2" time="0.000">
    <skipped/>
  </testcase> <!-- test2 -->
  <system-out/>
  <testcase classname="TestPack.TestNGVerifyFriendsTab" name="test1" time="0.000">
    <skipped/>
  </testcase> <!-- test1 -->
  <system-out/>
  <testcase classname="TestPack.TestNGVerifyFriendsTab" name="test1" time="0.000">
    <skipped/>
  </testcase> <!-- test1 -->
  <system-out/>
  <testcase classname="TestPack.TestNGVerifyFriendsTab" name="test2" time="0.000">
    <skipped/>
  </testcase> <!-- test2 -->
  <system-out/>
</testsuite> <!-- TestPack.TestNGVerifyFriendsTab -->
