<?xml version="1.0" encoding="UTF-8"?>
<!-- Generated by org.testng.reporters.JUnitReportReporter -->
<testsuite hostname="DESKTOP-PEFDB2S" failures="0" tests="1" name="TestPack.TestNGClass" time="0.024" errors="0" timestamp="2022-10-12T13:37:31 IST" skipped="0">
  <testcase classname="TestPack.TestNGClass" name="test1" time="0.024"/>
  <system-out/>
</testsuite> <!-- TestPack.TestNGClass -->
